GROUP,PACKAGE,CLASS,INSTRUCTION_MISSED,INSTRUCTION_COVERED,BRANCH_MISSED,BRANCH_COVERED,LINE_MISSED,LINE_COVERED,COMPLEXITY_MISSED,COMPLEXITY_COVERED,METHOD_MISSED,METHOD_COVERED
Topic Scanner Service,com.cncf.scanner.config,DebugConfig,0,43,0,0,0,17,0,9,0,9
Topic Scanner Service,com.cncf.scanner.service,ScanningService,563,0,14,0,110,0,15,0,8,0
Topic Scanner Service,com.cncf.scanner.service,SourceService,143,0,4,0,29,0,16,0,14,0
Topic Scanner Service,com.cncf.scanner.service,ScanHistoryService,45,0,0,0,16,0,7,0,7,0
Topic Scanner Service,com.cncf.scanner,TopicScannerApplication,8,0,0,0,3,0,2,0,2,0
Topic Scanner Service,com.cncf.scanner.util,ScanTracer,134,165,1,1,17,34,7,7,6,7
Topic Scanner Service,com.cncf.scanner.command,ScanCommand,146,0,6,0,37,0,6,0,3,0
Topic Scanner Service,com.cncf.scanner.kafka,TopicProducer,185,0,2,0,42,0,8,0,7,0
Topic Scanner Service,com.cncf.scanner.kafka,TopicMessage,128,0,0,0,54,0,30,0,30,0
Topic Scanner Service,com.cncf.scanner.scanner,RedditScanner,869,39,48,0,143,12,33,4,9,4
Topic Scanner Service,com.cncf.scanner.scanner,ScanResult,85,0,0,0,36,0,22,0,22,0
Topic Scanner Service,com.cncf.scanner.scanner,ScannerManager,70,0,4,0,19,0,7,0,5,0
Topic Scanner Service,com.cncf.scanner.scanner,StackOverflowScanner,602,31,30,0,113,11,22,4,7,4
Topic Scanner Service,com.cncf.scanner.scanner,SourceScanner,4,0,0,0,2,0,2,0,2,0
